This file contains any messages produced by compilers while
running configure, to aid debugging if configure makes a mistake.

It was created by springcard_ccid_tcp configure 1.4.20, which was
generated by GNU Autoconf 2.69.  Invocation command line was

  $ ./configure --no-create --no-recursion

## --------- ##
## Platform. ##
## --------- ##

hostname = raspberrypi
uname -m = armv7l
uname -r = 4.19.118-v7+
uname -s = Linux
uname -v = #1311 SMP Mon Apr 27 14:21:24 BST 2020

/usr/bin/uname -p = unknown
/bin/uname -X     = unknown

/bin/arch              = unknown
/usr/bin/arch -k       = unknown
/usr/convex/getsysinfo = unknown
/usr/bin/hostinfo      = unknown
/bin/machine           = unknown
/usr/bin/oslevel       = unknown
/bin/universe          = unknown

PATH: /usr/local/sbin
PATH: /usr/local/bin
PATH: /usr/sbin
PATH: /usr/bin
PATH: /sbin
PATH: /bin
PATH: /usr/local/games
PATH: /usr/games


## ----------- ##
## Core tests. ##
## ----------- ##

configure:2398: checking for a BSD-compatible install
configure:2466: result: /usr/bin/install -c
configure:2477: checking whether build environment is sane
configure:2532: result: yes
configure:2681: checking for a thread-safe mkdir -p
configure:2720: result: /bin/mkdir -p
configure:2727: checking for gawk
configure:2757: result: no
configure:2727: checking for mawk
configure:2743: found /usr/bin/mawk
configure:2754: result: mawk
configure:2765: checking whether make sets $(MAKE)
configure:2787: result: yes
configure:2816: checking whether make supports nested variables
configure:2833: result: yes
configure:2973: checking whether make supports nested variables
configure:2990: result: yes
configure:3010: checking build system type
configure:3024: result: armv7l-unknown-linux-gnueabihf
configure:3044: checking host system type
configure:3057: result: armv7l-unknown-linux-gnueabihf
configure:3084: checking whether to enable maintainer-specific portions of Makefiles
configure:3093: result: no
configure:3156: checking for gcc
configure:3172: found /usr/bin/gcc
configure:3183: result: gcc
configure:3412: checking for C compiler version
configure:3421: gcc --version >&5
gcc (Raspbian 8.3.0-6+rpi1) 8.3.0
Copyright (C) 2018 Free Software Foundation, Inc.
This is free software; see the source for copying conditions.  There is NO
warranty; not even for MERCHANTABILITY or FITNESS FOR A PARTICULAR PURPOSE.

configure:3432: $? = 0
configure:3421: gcc -v >&5
Using built-in specs.
COLLECT_GCC=gcc
COLLECT_LTO_WRAPPER=/usr/lib/gcc/arm-linux-gnueabihf/8/lto-wrapper
Target: arm-linux-gnueabihf
Configured with: ../src/configure -v --with-pkgversion='Raspbian 8.3.0-6+rpi1' --with-bugurl=file:///usr/share/doc/gcc-8/README.Bugs --enable-languages=c,ada,c++,go,d,fortran,objc,obj-c++ --prefix=/usr --with-gcc-major-version-only --program-suffix=-8 --program-prefix=arm-linux-gnueabihf- --enable-shared --enable-linker-build-id --libexecdir=/usr/lib --without-included-gettext --enable-threads=posix --libdir=/usr/lib --enable-nls --enable-bootstrap --enable-clocale=gnu --enable-libstdcxx-debug --enable-libstdcxx-time=yes --with-default-libstdcxx-abi=new --enable-gnu-unique-object --disable-libitm --disable-libquadmath --disable-libquadmath-support --enable-plugin --with-system-zlib --with-target-system-zlib --enable-objc-gc=auto --enable-multiarch --disable-sjlj-exceptions --with-arch=armv6 --with-fpu=vfp --with-float=hard --disable-werror --enable-checking=release --build=arm-linux-gnueabihf --host=arm-linux-gnueabihf --target=arm-linux-gnueabihf
Thread model: posix
gcc version 8.3.0 (Raspbian 8.3.0-6+rpi1) 
configure:3432: $? = 0
configure:3421: gcc -V >&5
gcc: error: unrecognized command line option '-V'
gcc: fatal error: no input files
compilation terminated.
configure:3432: $? = 1
configure:3421: gcc -qversion >&5
gcc: error: unrecognized command line option '-qversion'; did you mean '--version'?
gcc: fatal error: no input files
compilation terminated.
configure:3432: $? = 1
configure:3452: checking whether the C compiler works
configure:3474: gcc    conftest.c  >&5
configure:3478: $? = 0
configure:3526: result: yes
configure:3529: checking for C compiler default output file name
configure:3531: result: a.out
configure:3537: checking for suffix of executables
configure:3544: gcc -o conftest    conftest.c  >&5
configure:3548: $? = 0
configure:3570: result: 
configure:3592: checking whether we are cross compiling
configure:3600: gcc -o conftest    conftest.c  >&5
configure:3604: $? = 0
configure:3611: ./conftest
configure:3615: $? = 0
configure:3603: result: no
configure:3608: checking for suffix of object files
configure:3630: gcc -c   conftest.c >&5
configure:3634: $? = 0
configure:3655: result: o
configure:3659: checking whether we are using the GNU C compiler
configure:3678: gcc -c   conftest.c >&5
configure:3678: $? = 0
configure:3687: result: yes
configure:3696: checking whether gcc accepts -g
configure:3716: gcc -c -g  conftest.c >&5
configure:3716: $? = 0
configure:3757: result: yes
configure:3774: checking for gcc option to accept ISO C89
configure:3837: gcc  -c -g -O2  conftest.c >&5
configure:3837: $? = 0
configure:3850: result: none needed
configure:3875: checking whether gcc understands -c and -o together
configure:3897: gcc -c conftest.c -o conftest2.o
configure:3900: $? = 0
configure:3897: gcc -c conftest.c -o conftest2.o
configure:3900: $? = 0
configure:3912: result: yes
configure:3932: checking whether make supports the include directive
configure:3947: make -f confmf.GNU && cat confinc.out
make[1]: Entering directory '/home/pi/share/clone/springcard-ccid-tcp'
make[1]: Leaving directory '/home/pi/share/clone/springcard-ccid-tcp'
this is the am__doit target
configure:3950: $? = 0
configure:3969: result: yes (GNU style)
configure:3994: checking dependency style of gcc
configure:4105: result: gcc3
configure:4126: checking how to run the C preprocessor
configure:4157: gcc -E  conftest.c
configure:4157: $? = 0
configure:4171: gcc -E  conftest.c
conftest.c:11:10: fatal error: ac_nonexistent.h: No such file or directory
 #include <ac_nonexistent.h>
          ^~~~~~~~~~~~~~~~~~
compilation terminated.
configure:4171: $? = 1
configure: failed program was:
| /* confdefs.h */
| #define PACKAGE_NAME "springcard_ccid_tcp"
| #define PACKAGE_TARNAME "springcard_ccid_tcp"
| #define PACKAGE_VERSION "1.4.20"
| #define PACKAGE_STRING "springcard_ccid_tcp 1.4.20"
| #define PACKAGE_BUGREPORT ""
| #define PACKAGE_URL ""
| #define PACKAGE "springcard_ccid_tcp"
| #define VERSION "1.4.20"
| /* end confdefs.h.  */
| #include <ac_nonexistent.h>
configure:4196: result: gcc -E
configure:4216: gcc -E  conftest.c
configure:4216: $? = 0
configure:4230: gcc -E  conftest.c
conftest.c:11:10: fatal error: ac_nonexistent.h: No such file or directory
 #include <ac_nonexistent.h>
          ^~~~~~~~~~~~~~~~~~
compilation terminated.
configure:4230: $? = 1
configure: failed program was:
| /* confdefs.h */
| #define PACKAGE_NAME "springcard_ccid_tcp"
| #define PACKAGE_TARNAME "springcard_ccid_tcp"
| #define PACKAGE_VERSION "1.4.20"
| #define PACKAGE_STRING "springcard_ccid_tcp 1.4.20"
| #define PACKAGE_BUGREPORT ""
| #define PACKAGE_URL ""
| #define PACKAGE "springcard_ccid_tcp"
| #define VERSION "1.4.20"
| /* end confdefs.h.  */
| #include <ac_nonexistent.h>
configure:4259: checking whether make sets $(MAKE)
configure:4281: result: yes
configure:4290: checking whether ln -s works
configure:4294: result: yes
configure:4306: checking for flex
configure:4336: result: no
configure:4306: checking for lex
configure:4336: result: no
configure:4513: checking for ar
configure:4529: found /usr/bin/ar
configure:4540: result: ar
configure:4566: checking the archiver (ar) interface
configure:4582: gcc -c -g -O2  conftest.c >&5
configure:4582: $? = 0
configure:4584: ar cru libconftest.a conftest.o >&5
ar: `u' modifier ignored since `D' is the default (see `U')
configure:4587: $? = 0
configure:4586: result: ar
configure:4660: checking for pkg-config
configure:4678: found /usr/bin/pkg-config
configure:4690: result: /usr/bin/pkg-config
configure:4715: checking pkg-config is at least version 0.9.0
configure:4718: result: yes
configure:4730: $PKG_CONFIG --exists --print-errors "libpcsclite"
configure:4733: $? = 0
configure:4737: checking for PCSC
configure:4744: $PKG_CONFIG --exists --print-errors "libpcsclite >= $PCSC_NEEDED_VERSION"
configure:4747: $? = 0
configure:4761: $PKG_CONFIG --exists --print-errors "libpcsclite >= $PCSC_NEEDED_VERSION"
configure:4764: $? = 0
configure:4816: result: yes
configure:4830: checking for grep that handles long lines and -e
configure:4888: result: /bin/grep
configure:4893: checking for egrep
configure:4955: result: /bin/grep -E
configure:4960: checking for ANSI C header files
configure:4980: gcc -c -g -O2  -pthread -I/usr/include/PCSC conftest.c >&5
configure:4980: $? = 0
configure:5053: gcc -o conftest -g -O2  -pthread -I/usr/include/PCSC  conftest.c  >&5
configure:5053: $? = 0
configure:5053: ./conftest
configure:5053: $? = 0
configure:5064: result: yes
configure:5077: checking for sys/types.h
configure:5077: gcc -c -g -O2  -pthread -I/usr/include/PCSC conftest.c >&5
configure:5077: $? = 0
configure:5077: result: yes
configure:5077: checking for sys/stat.h
configure:5077: gcc -c -g -O2  -pthread -I/usr/include/PCSC conftest.c >&5
configure:5077: $? = 0
configure:5077: result: yes
configure:5077: checking for stdlib.h
configure:5077: gcc -c -g -O2  -pthread -I/usr/include/PCSC conftest.c >&5
configure:5077: $? = 0
configure:5077: result: yes
configure:5077: checking for string.h
configure:5077: gcc -c -g -O2  -pthread -I/usr/include/PCSC conftest.c >&5
configure:5077: $? = 0
configure:5077: result: yes
configure:5077: checking for memory.h
configure:5077: gcc -c -g -O2  -pthread -I/usr/include/PCSC conftest.c >&5
configure:5077: $? = 0
configure:5077: result: yes
configure:5077: checking for strings.h
configure:5077: gcc -c -g -O2  -pthread -I/usr/include/PCSC conftest.c >&5
configure:5077: $? = 0
configure:5077: result: yes
configure:5077: checking for inttypes.h
configure:5077: gcc -c -g -O2  -pthread -I/usr/include/PCSC conftest.c >&5
configure:5077: $? = 0
configure:5077: result: yes
configure:5077: checking for stdint.h
configure:5077: gcc -c -g -O2  -pthread -I/usr/include/PCSC conftest.c >&5
configure:5077: $? = 0
configure:5077: result: yes
configure:5077: checking for unistd.h
configure:5077: gcc -c -g -O2  -pthread -I/usr/include/PCSC conftest.c >&5
configure:5077: $? = 0
configure:5077: result: yes
configure:5089: checking ifdhandler.h usability
configure:5089: gcc -c -g -O2  -pthread -I/usr/include/PCSC conftest.c >&5
configure:5089: $? = 0
configure:5089: result: yes
configure:5089: checking ifdhandler.h presence
configure:5089: gcc -E  -pthread -I/usr/include/PCSC conftest.c
configure:5089: $? = 0
configure:5089: result: yes
configure:5089: checking for ifdhandler.h
configure:5089: result: yes
configure:5097: checking reader.h usability
configure:5097: gcc -c -g -O2  -pthread -I/usr/include/PCSC conftest.c >&5
configure:5097: $? = 0
configure:5097: result: yes
configure:5097: checking reader.h presence
configure:5097: gcc -E  -pthread -I/usr/include/PCSC conftest.c
configure:5097: $? = 0
configure:5097: result: yes
configure:5097: checking for reader.h
configure:5097: result: yes
configure:5155: checking how to print strings
configure:5182: result: printf
configure:5203: checking for a sed that does not truncate output
configure:5267: result: /bin/sed
configure:5285: checking for fgrep
configure:5347: result: /bin/grep -F
configure:5382: checking for ld used by gcc
configure:5449: result: /usr/bin/ld
configure:5456: checking if the linker (/usr/bin/ld) is GNU ld
configure:5471: result: yes
configure:5483: checking for BSD- or MS-compatible name lister (nm)
configure:5537: result: /usr/bin/nm -B
configure:5667: checking the name lister (/usr/bin/nm -B) interface
configure:5674: gcc -c -g -O2  conftest.c >&5
configure:5677: /usr/bin/nm -B "conftest.o"
configure:5680: output
00000000 B some_variable
configure:5681: result: BSD nm
configure:5685: checking the maximum length of command line arguments
configure:5816: result: 1572864
configure:5864: checking how to convert armv7l-unknown-linux-gnueabihf file names to armv7l-unknown-linux-gnueabihf format
configure:5904: result: func_convert_file_noop
configure:5911: checking how to convert armv7l-unknown-linux-gnueabihf file names to toolchain format
configure:5931: result: func_convert_file_noop
configure:5938: checking for /usr/bin/ld option to reload object files
configure:5945: result: -r
configure:6019: checking for objdump
configure:6035: found /usr/bin/objdump
configure:6046: result: objdump
configure:6078: checking how to recognize dependent libraries
configure:6278: result: pass_all
configure:6363: checking for dlltool
configure:6393: result: no
configure:6423: checking how to associate runtime and link libraries
configure:6450: result: printf %s\n
configure:6574: checking for archiver @FILE support
configure:6591: gcc -c -g -O2  conftest.c >&5
configure:6591: $? = 0
configure:6594: ar cru libconftest.a @conftest.lst >&5
ar: `u' modifier ignored since `D' is the default (see `U')
configure:6597: $? = 0
configure:6602: ar cru libconftest.a @conftest.lst >&5
ar: `u' modifier ignored since `D' is the default (see `U')
ar: conftest.o: No such file or directory
configure:6605: $? = 1
configure:6604: result: @
configure:6662: checking for strip
configure:6678: found /usr/bin/strip
configure:6689: result: strip
configure:6761: checking for ranlib
configure:6777: found /usr/bin/ranlib
configure:6788: result: ranlib
configure:6890: checking command to parse /usr/bin/nm -B output from gcc object
configure:7043: gcc -c -g -O2  conftest.c >&5
configure:7046: $? = 0
configure:7050: /usr/bin/nm -B conftest.o | sed -n -e 's/^.*[	 ]\([ABCDGIRSTW][ABCDGIRSTW]*\)[	 ][	 ]*\([_A-Za-z][_A-Za-z0-9]*\)$/\1 \2 \2/p' | sed '/ __gnu_lto/d' > conftest.nm
configure:7116: gcc -o conftest -g -O2   conftest.c conftstm.o >&5
configure:7119: $? = 0
configure:7157: result: ok
configure:7204: checking for sysroot
configure:7234: result: no
configure:7241: checking for a working dd
configure:7279: result: /bin/dd
configure:7283: checking how to truncate binary pipes
configure:7298: result: /bin/dd bs=4096 count=1
configure:7627: checking for mt
configure:7643: found /bin/mt
configure:7654: result: mt
configure:7677: checking if mt is a manifest tool
configure:7683: mt '-?'
configure:7691: result: no
configure:8365: checking for dlfcn.h
configure:8365: gcc -c -g -O2  conftest.c >&5
configure:8365: $? = 0
configure:8365: result: yes
configure:8620: checking for objdir
configure:8635: result: .libs
configure:8899: checking if gcc supports -fno-rtti -fno-exceptions
configure:8917: gcc -c -g -O2  -fno-rtti -fno-exceptions conftest.c >&5
cc1: warning: command line option '-fno-rtti' is valid for C++/ObjC++ but not for C
configure:8921: $? = 0
configure:8934: result: no
configure:9292: checking for gcc option to produce PIC
configure:9299: result: -fPIC -DPIC
configure:9307: checking if gcc PIC flag -fPIC -DPIC works
configure:9325: gcc -c -g -O2  -fPIC -DPIC -DPIC conftest.c >&5
configure:9329: $? = 0
configure:9342: result: yes
configure:9371: checking if gcc static flag -static works
configure:9399: result: yes
configure:9414: checking if gcc supports -c -o file.o
configure:9435: gcc -c -g -O2  -o out/conftest2.o conftest.c >&5
configure:9439: $? = 0
configure:9461: result: yes
configure:9469: checking if gcc supports -c -o file.o
configure:9516: result: yes
configure:9549: checking whether the gcc linker (/usr/bin/ld) supports shared libraries
configure:10812: result: yes
configure:10849: checking whether -lc should be explicitly linked in
configure:10857: gcc -c -g -O2  conftest.c >&5
configure:10860: $? = 0
configure:10875: gcc -shared  -fPIC -DPIC conftest.o  -v -Wl,-soname -Wl,conftest -o conftest 2\>\&1 \| /bin/grep  -lc  \>/dev/null 2\>\&1
configure:10878: $? = 0
configure:10892: result: no
configure:11052: checking dynamic linker characteristics
configure:11633: gcc -o conftest -g -O2   -Wl,-rpath -Wl,/foo conftest.c  >&5
configure:11633: $? = 0
configure:11882: result: GNU/Linux ld.so
configure:12004: checking how to hardcode library paths into programs
configure:12029: result: immediate
configure:12577: checking whether stripping libraries is possible
configure:12582: result: yes
configure:12617: checking if libtool supports shared libraries
configure:12619: result: yes
configure:12622: checking whether to build shared libraries
configure:12647: result: yes
configure:12650: checking whether to build static libraries
configure:12654: result: no
configure:9473: checking for ANSI C header files
configure:9577: result: yes
configure:9588: checking errno.h usability
configure:9588: gcc -c -g -O2  conftest.c >&5
configure:9588: $? = 0
configure:9588: result: yes
configure:9588: checking errno.h presence
configure:9588: gcc -E  conftest.c
configure:9588: $? = 0
configure:9588: result: yes
configure:9588: checking for errno.h
configure:9588: result: yes
configure:9588: checking fcntl.h usability
configure:9588: gcc -c -g -O2  conftest.c >&5
configure:9588: $? = 0
configure:9588: result: yes
configure:9588: checking fcntl.h presence
configure:9588: gcc -E  conftest.c
configure:9588: $? = 0
configure:9588: result: yes
configure:9588: checking for fcntl.h
configure:9588: result: yes
configure:9588: checking for stdlib.h
configure:9588: result: yes
configure:9588: checking for unistd.h
configure:9588: result: yes
configure:9588: checking termios.h usability
configure:9588: gcc -c -g -O2  conftest.c >&5
configure:9588: $? = 0
configure:9588: result: yes
configure:9588: checking termios.h presence
configure:9588: gcc -E  conftest.c
configure:9588: $? = 0
configure:9588: result: yes
configure:9588: checking for termios.h
configure:9588: result: yes
configure:9588: checking for string.h
configure:9588: result: yes
configure:9588: checking sys/time.h usability
configure:9588: gcc -c -g -O2  conftest.c >&5
configure:9588: $? = 0
configure:9588: result: yes
configure:9588: checking sys/time.h presence
configure:9588: gcc -E  conftest.c
configure:9588: $? = 0
configure:9588: result: yes
configure:9588: checking for sys/time.h
configure:9588: result: yes
configure:9588: checking for sys/types.h
configure:9588: result: yes
configure:9588: checking stdarg.h usability
configure:9588: gcc -c -g -O2  conftest.c >&5
configure:9588: $? = 0
configure:9588: result: yes
configure:9588: checking stdarg.h presence
configure:9588: gcc -E  conftest.c
configure:9588: $? = 0
configure:9588: result: yes
configure:9588: checking for stdarg.h
configure:9588: result: yes
configure:9588: checking arpa/inet.h usability
configure:9588: gcc -c -g -O2  conftest.c >&5
configure:9588: $? = 0
configure:9588: result: yes
configure:9588: checking arpa/inet.h presence
configure:9588: gcc -E  conftest.c
configure:9588: $? = 0
configure:9588: result: yes
configure:9588: checking for arpa/inet.h
configure:9588: result: yes
configure:9588: checking stdio.h usability
configure:9588: gcc -c -g -O2  conftest.c >&5
configure:9588: $? = 0
configure:9588: result: yes
configure:9588: checking stdio.h presence
configure:9588: gcc -E  conftest.c
configure:9588: $? = 0
configure:9588: result: yes
configure:9588: checking for stdio.h
configure:9588: result: yes
configure:9602: checking for an ANSI C-conforming const
configure:9668: gcc -c -g -O2  conftest.c >&5
configure:9668: $? = 0
configure:9675: result: yes
configure:9683: checking for size_t
configure:9683: gcc -c -g -O2  conftest.c >&5
configure:9683: $? = 0
configure:9683: gcc -c -g -O2  conftest.c >&5
conftest.c: In function 'main':
conftest.c:71:21: error: expected expression before ')' token
 if (sizeof ((size_t)))
                     ^
configure:9683: $? = 1
configure: failed program was:
| /* confdefs.h */
| #define PACKAGE_NAME "springcard_ccid_tcp"
| #define PACKAGE_TARNAME "springcard_ccid_tcp"
| #define PACKAGE_VERSION "1.4.20"
| #define PACKAGE_STRING "springcard_ccid_tcp 1.4.20"
| #define PACKAGE_BUGREPORT ""
| #define PACKAGE_URL ""
| #define PACKAGE "springcard_ccid_tcp"
| #define VERSION "1.4.20"
| #define STDC_HEADERS 1
| #define HAVE_SYS_TYPES_H 1
| #define HAVE_SYS_STAT_H 1
| #define HAVE_STDLIB_H 1
| #define HAVE_STRING_H 1
| #define HAVE_MEMORY_H 1
| #define HAVE_STRINGS_H 1
| #define HAVE_INTTYPES_H 1
| #define HAVE_STDINT_H 1
| #define HAVE_UNISTD_H 1
| #define HAVE_DLFCN_H 1
| #define LT_OBJDIR ".libs/"
| #define STDC_HEADERS 1
| #define HAVE_ERRNO_H 1
| #define HAVE_FCNTL_H 1
| #define HAVE_STDLIB_H 1
| #define HAVE_UNISTD_H 1
| #define HAVE_TERMIOS_H 1
| #define HAVE_STRING_H 1
| #define HAVE_SYS_TIME_H 1
| #define HAVE_SYS_TYPES_H 1
| #define HAVE_STDARG_H 1
| #define HAVE_ARPA_INET_H 1
| #define HAVE_STDIO_H 1
| /* end confdefs.h.  */
| #include <stdio.h>
| #ifdef HAVE_SYS_TYPES_H
| # include <sys/types.h>
| #endif
| #ifdef HAVE_SYS_STAT_H
| # include <sys/stat.h>
| #endif
| #ifdef STDC_HEADERS
| # include <stdlib.h>
| # include <stddef.h>
| #else
| # ifdef HAVE_STDLIB_H
| #  include <stdlib.h>
| # endif
| #endif
| #ifdef HAVE_STRING_H
| # if !defined STDC_HEADERS && defined HAVE_MEMORY_H
| #  include <memory.h>
| # endif
| # include <string.h>
| #endif
| #ifdef HAVE_STRINGS_H
| # include <strings.h>
| #endif
| #ifdef HAVE_INTTYPES_H
| # include <inttypes.h>
| #endif
| #ifdef HAVE_STDINT_H
| # include <stdint.h>
| #endif
| #ifdef HAVE_UNISTD_H
| # include <unistd.h>
| #endif
| int
| main ()
| {
| if (sizeof ((size_t)))
| 	    return 0;
|   ;
|   return 0;
| }
configure:9683: result: yes
configure:9694: checking whether time.h and sys/time.h may both be included
configure:9714: gcc -c -g -O2  conftest.c >&5
configure:9714: $? = 0
configure:9721: result: yes
configure:9734: checking for select
configure:9734: gcc -o conftest -g -O2   conftest.c  >&5
configure:9734: $? = 0
configure:9734: result: yes
configure:9734: checking for strerror
configure:9734: gcc -o conftest -g -O2   conftest.c  >&5
configure:9734: $? = 0
configure:9734: result: yes
configure:9734: checking for strncpy
configure:9734: gcc -o conftest -g -O2   conftest.c  >&5
conftest.c:61:6: warning: conflicting types for built-in function 'strncpy' [-Wbuiltin-declaration-mismatch]
 char strncpy ();
      ^~~~~~~
configure:9734: $? = 0
configure:9734: result: yes
configure:9734: checking for memcpy
configure:9734: gcc -o conftest -g -O2   conftest.c  >&5
conftest.c:62:6: warning: conflicting types for built-in function 'memcpy' [-Wbuiltin-declaration-mismatch]
 char memcpy ();
      ^~~~~~
configure:9734: $? = 0
configure:9734: result: yes
configure:9734: checking for strlcpy
configure:9734: gcc -o conftest -g -O2   conftest.c  >&5
/usr/bin/ld: /tmp/cce8HyCG.o: in function `main':
/home/pi/share/clone/springcard-ccid-tcp/conftest.c:74: undefined reference to `strlcpy'
collect2: error: ld returned 1 exit status
configure:9734: $? = 1
configure: failed program was:
| /* confdefs.h */
| #define PACKAGE_NAME "springcard_ccid_tcp"
| #define PACKAGE_TARNAME "springcard_ccid_tcp"
| #define PACKAGE_VERSION "1.4.20"
| #define PACKAGE_STRING "springcard_ccid_tcp 1.4.20"
| #define PACKAGE_BUGREPORT ""
| #define PACKAGE_URL ""
| #define PACKAGE "springcard_ccid_tcp"
| #define VERSION "1.4.20"
| #define STDC_HEADERS 1
| #define HAVE_SYS_TYPES_H 1
| #define HAVE_SYS_STAT_H 1
| #define HAVE_STDLIB_H 1
| #define HAVE_STRING_H 1
| #define HAVE_MEMORY_H 1
| #define HAVE_STRINGS_H 1
| #define HAVE_INTTYPES_H 1
| #define HAVE_STDINT_H 1
| #define HAVE_UNISTD_H 1
| #define HAVE_DLFCN_H 1
| #define LT_OBJDIR ".libs/"
| #define STDC_HEADERS 1
| #define HAVE_ERRNO_H 1
| #define HAVE_FCNTL_H 1
| #define HAVE_STDLIB_H 1
| #define HAVE_UNISTD_H 1
| #define HAVE_TERMIOS_H 1
| #define HAVE_STRING_H 1
| #define HAVE_SYS_TIME_H 1
| #define HAVE_SYS_TYPES_H 1
| #define HAVE_STDARG_H 1
| #define HAVE_ARPA_INET_H 1
| #define HAVE_STDIO_H 1
| #define TIME_WITH_SYS_TIME 1
| #define HAVE_SELECT 1
| #define HAVE_STRERROR 1
| #define HAVE_STRNCPY 1
| #define HAVE_MEMCPY 1
| /* end confdefs.h.  */
| /* Define strlcpy to an innocuous variant, in case <limits.h> declares strlcpy.
|    For example, HP-UX 11i <limits.h> declares gettimeofday.  */
| #define strlcpy innocuous_strlcpy
| 
| /* System header to define __stub macros and hopefully few prototypes,
|     which can conflict with char strlcpy (); below.
|     Prefer <limits.h> to <assert.h> if __STDC__ is defined, since
|     <limits.h> exists even on freestanding compilers.  */
| 
| #ifdef __STDC__
| # include <limits.h>
| #else
| # include <assert.h>
| #endif
| 
| #undef strlcpy
| 
| /* Override any GCC internal prototype to avoid an error.
|    Use char because int might match the return type of a GCC
|    builtin and then its argument prototype would still apply.  */
| #ifdef __cplusplus
| extern "C"
| #endif
| char strlcpy ();
| /* The GNU C library defines this for functions which it implements
|     to always fail with ENOSYS.  Some functions are actually named
|     something starting with __ and the normal name is an alias.  */
| #if defined __stub_strlcpy || defined __stub___strlcpy
| choke me
| #endif
| 
| int
| main ()
| {
| return strlcpy ();
|   ;
|   return 0;
| }
configure:9734: result: no
configure:9734: checking for strlcat
configure:9734: gcc -o conftest -g -O2   conftest.c  >&5
/usr/bin/ld: /tmp/ccA1PgvM.o: in function `main':
/home/pi/share/clone/springcard-ccid-tcp/conftest.c:74: undefined reference to `strlcat'
collect2: error: ld returned 1 exit status
configure:9734: $? = 1
configure: failed program was:
| /* confdefs.h */
| #define PACKAGE_NAME "springcard_ccid_tcp"
| #define PACKAGE_TARNAME "springcard_ccid_tcp"
| #define PACKAGE_VERSION "1.4.20"
| #define PACKAGE_STRING "springcard_ccid_tcp 1.4.20"
| #define PACKAGE_BUGREPORT ""
| #define PACKAGE_URL ""
| #define PACKAGE "springcard_ccid_tcp"
| #define VERSION "1.4.20"
| #define STDC_HEADERS 1
| #define HAVE_SYS_TYPES_H 1
| #define HAVE_SYS_STAT_H 1
| #define HAVE_STDLIB_H 1
| #define HAVE_STRING_H 1
| #define HAVE_MEMORY_H 1
| #define HAVE_STRINGS_H 1
| #define HAVE_INTTYPES_H 1
| #define HAVE_STDINT_H 1
| #define HAVE_UNISTD_H 1
| #define HAVE_DLFCN_H 1
| #define LT_OBJDIR ".libs/"
| #define STDC_HEADERS 1
| #define HAVE_ERRNO_H 1
| #define HAVE_FCNTL_H 1
| #define HAVE_STDLIB_H 1
| #define HAVE_UNISTD_H 1
| #define HAVE_TERMIOS_H 1
| #define HAVE_STRING_H 1
| #define HAVE_SYS_TIME_H 1
| #define HAVE_SYS_TYPES_H 1
| #define HAVE_STDARG_H 1
| #define HAVE_ARPA_INET_H 1
| #define HAVE_STDIO_H 1
| #define TIME_WITH_SYS_TIME 1
| #define HAVE_SELECT 1
| #define HAVE_STRERROR 1
| #define HAVE_STRNCPY 1
| #define HAVE_MEMCPY 1
| /* end confdefs.h.  */
| /* Define strlcat to an innocuous variant, in case <limits.h> declares strlcat.
|    For example, HP-UX 11i <limits.h> declares gettimeofday.  */
| #define strlcat innocuous_strlcat
| 
| /* System header to define __stub macros and hopefully few prototypes,
|     which can conflict with char strlcat (); below.
|     Prefer <limits.h> to <assert.h> if __STDC__ is defined, since
|     <limits.h> exists even on freestanding compilers.  */
| 
| #ifdef __STDC__
| # include <limits.h>
| #else
| # include <assert.h>
| #endif
| 
| #undef strlcat
| 
| /* Override any GCC internal prototype to avoid an error.
|    Use char because int might match the return type of a GCC
|    builtin and then its argument prototype would still apply.  */
| #ifdef __cplusplus
| extern "C"
| #endif
| char strlcat ();
| /* The GNU C library defines this for functions which it implements
|     to always fail with ENOSYS.  Some functions are actually named
|     something starting with __ and the normal name is an alias.  */
| #if defined __stub_strlcat || defined __stub___strlcat
| choke me
| #endif
| 
| int
| main ()
| {
| return strlcat ();
|   ;
|   return 0;
| }
configure:9734: result: no
configure:9772: $PKG_CONFIG --exists --print-errors "libusb-1.0"
configure:9775: $? = 0
configure:9780: checking for LIBUSB
configure:9787: $PKG_CONFIG --exists --print-errors "libusb-1.0 >= $LIBUSB_NEEDED_VERSION"
configure:9790: $? = 0
configure:9804: $PKG_CONFIG --exists --print-errors "libusb-1.0 >= $LIBUSB_NEEDED_VERSION"
configure:9807: $? = 0
configure:10033: result: yes
configure:10048: checking libusb.h usability
configure:10048: gcc -c -g -O2  -I/usr/include/libusb-1.0 conftest.c >&5
configure:10048: $? = 0
configure:10048: result: yes
configure:10048: checking libusb.h presence
configure:10048: gcc -E  -I/usr/include/libusb-1.0 conftest.c
configure:10048: $? = 0
configure:10048: result: yes
configure:10048: checking for libusb.h
configure:10048: result: yes
configure:10061: checking for libusb_init
configure:10081: gcc -o conftest -g -O2  -I/usr/include/libusb-1.0  conftest.c  -lusb-1.0 >&5
configure:10081: $? = 0
configure:10082: result: yes
configure:10123: checking for -fvisibility=hidden
configure:10129: gcc -c -g -O2 -fvisibility=hidden  conftest.c >&5
configure:10129: $? = 0
configure:10130: result: yes
configure:10319: checking for the pthreads library -lpthreads
configure:10357: gcc -o conftest -g -O2    conftest.c -lpthreads  >&5
/usr/bin/ld: cannot find -lpthreads
collect2: error: ld returned 1 exit status
configure:10357: $? = 1
configure: failed program was:
| /* confdefs.h */
| #define PACKAGE_NAME "springcard_ccid_tcp"
| #define PACKAGE_TARNAME "springcard_ccid_tcp"
| #define PACKAGE_VERSION "1.4.20"
| #define PACKAGE_STRING "springcard_ccid_tcp 1.4.20"
| #define PACKAGE_BUGREPORT ""
| #define PACKAGE_URL ""
| #define PACKAGE "springcard_ccid_tcp"
| #define VERSION "1.4.20"
| #define STDC_HEADERS 1
| #define HAVE_SYS_TYPES_H 1
| #define HAVE_SYS_STAT_H 1
| #define HAVE_STDLIB_H 1
| #define HAVE_STRING_H 1
| #define HAVE_MEMORY_H 1
| #define HAVE_STRINGS_H 1
| #define HAVE_INTTYPES_H 1
| #define HAVE_STDINT_H 1
| #define HAVE_UNISTD_H 1
| #define HAVE_DLFCN_H 1
| #define LT_OBJDIR ".libs/"
| #define STDC_HEADERS 1
| #define HAVE_ERRNO_H 1
| #define HAVE_FCNTL_H 1
| #define HAVE_STDLIB_H 1
| #define HAVE_UNISTD_H 1
| #define HAVE_TERMIOS_H 1
| #define HAVE_STRING_H 1
| #define HAVE_SYS_TIME_H 1
| #define HAVE_SYS_TYPES_H 1
| #define HAVE_STDARG_H 1
| #define HAVE_ARPA_INET_H 1
| #define HAVE_STDIO_H 1
| #define TIME_WITH_SYS_TIME 1
| #define HAVE_SELECT 1
| #define HAVE_STRERROR 1
| #define HAVE_STRNCPY 1
| #define HAVE_MEMCPY 1
| #define HAVE_LIBUSB_H 1
| /* end confdefs.h.  */
| #include <pthread.h>
|                         static void routine(void *a) { a = 0; }
|                         static void *start_routine(void *a) { return a; }
| int
| main ()
| {
| pthread_t th; pthread_attr_t attr;
|                         pthread_create(&th, 0, start_routine, 0);
|                         pthread_join(th, 0);
|                         pthread_attr_init(&attr);
|                         pthread_cleanup_push(routine, 0);
|                         pthread_cleanup_pop(0) /* ; */
|   ;
|   return 0;
| }
configure:10366: result: no
configure:10264: checking whether pthreads work without any flags
configure:10357: gcc -o conftest -g -O2    conftest.c   >&5
/usr/bin/ld: /tmp/ccGEf6TW.o: in function `main':
/home/pi/share/clone/springcard-ccid-tcp/conftest.c:48: undefined reference to `pthread_create'
/usr/bin/ld: /home/pi/share/clone/springcard-ccid-tcp/conftest.c:49: undefined reference to `pthread_join'
/usr/bin/ld: /home/pi/share/clone/springcard-ccid-tcp/conftest.c:51: undefined reference to `__pthread_register_cancel'
/usr/bin/ld: /home/pi/share/clone/springcard-ccid-tcp/conftest.c:52: undefined reference to `__pthread_unregister_cancel'
collect2: error: ld returned 1 exit status
configure:10357: $? = 1
configure: failed program was:
| /* confdefs.h */
| #define PACKAGE_NAME "springcard_ccid_tcp"
| #define PACKAGE_TARNAME "springcard_ccid_tcp"
| #define PACKAGE_VERSION "1.4.20"
| #define PACKAGE_STRING "springcard_ccid_tcp 1.4.20"
| #define PACKAGE_BUGREPORT ""
| #define PACKAGE_URL ""
| #define PACKAGE "springcard_ccid_tcp"
| #define VERSION "1.4.20"
| #define STDC_HEADERS 1
| #define HAVE_SYS_TYPES_H 1
| #define HAVE_SYS_STAT_H 1
| #define HAVE_STDLIB_H 1
| #define HAVE_STRING_H 1
| #define HAVE_MEMORY_H 1
| #define HAVE_STRINGS_H 1
| #define HAVE_INTTYPES_H 1
| #define HAVE_STDINT_H 1
| #define HAVE_UNISTD_H 1
| #define HAVE_DLFCN_H 1
| #define LT_OBJDIR ".libs/"
| #define STDC_HEADERS 1
| #define HAVE_ERRNO_H 1
| #define HAVE_FCNTL_H 1
| #define HAVE_STDLIB_H 1
| #define HAVE_UNISTD_H 1
| #define HAVE_TERMIOS_H 1
| #define HAVE_STRING_H 1
| #define HAVE_SYS_TIME_H 1
| #define HAVE_SYS_TYPES_H 1
| #define HAVE_STDARG_H 1
| #define HAVE_ARPA_INET_H 1
| #define HAVE_STDIO_H 1
| #define TIME_WITH_SYS_TIME 1
| #define HAVE_SELECT 1
| #define HAVE_STRERROR 1
| #define HAVE_STRNCPY 1
| #define HAVE_MEMCPY 1
| #define HAVE_LIBUSB_H 1
| /* end confdefs.h.  */
| #include <pthread.h>
|                         static void routine(void *a) { a = 0; }
|                         static void *start_routine(void *a) { return a; }
| int
| main ()
| {
| pthread_t th; pthread_attr_t attr;
|                         pthread_create(&th, 0, start_routine, 0);
|                         pthread_join(th, 0);
|                         pthread_attr_init(&attr);
|                         pthread_cleanup_push(routine, 0);
|                         pthread_cleanup_pop(0) /* ; */
|   ;
|   return 0;
| }
configure:10366: result: no
configure:10269: checking whether pthreads work with -Kthread
configure:10357: gcc -o conftest -g -O2 -Kthread   conftest.c   >&5
gcc: error: unrecognized command line option '-Kthread'; did you mean '-pthread'?
configure:10357: $? = 1
configure: failed program was:
| /* confdefs.h */
| #define PACKAGE_NAME "springcard_ccid_tcp"
| #define PACKAGE_TARNAME "springcard_ccid_tcp"
| #define PACKAGE_VERSION "1.4.20"
| #define PACKAGE_STRING "springcard_ccid_tcp 1.4.20"
| #define PACKAGE_BUGREPORT ""
| #define PACKAGE_URL ""
| #define PACKAGE "springcard_ccid_tcp"
| #define VERSION "1.4.20"
| #define STDC_HEADERS 1
| #define HAVE_SYS_TYPES_H 1
| #define HAVE_SYS_STAT_H 1
| #define HAVE_STDLIB_H 1
| #define HAVE_STRING_H 1
| #define HAVE_MEMORY_H 1
| #define HAVE_STRINGS_H 1
| #define HAVE_INTTYPES_H 1
| #define HAVE_STDINT_H 1
| #define HAVE_UNISTD_H 1
| #define HAVE_DLFCN_H 1
| #define LT_OBJDIR ".libs/"
| #define STDC_HEADERS 1
| #define HAVE_ERRNO_H 1
| #define HAVE_FCNTL_H 1
| #define HAVE_STDLIB_H 1
| #define HAVE_UNISTD_H 1
| #define HAVE_TERMIOS_H 1
| #define HAVE_STRING_H 1
| #define HAVE_SYS_TIME_H 1
| #define HAVE_SYS_TYPES_H 1
| #define HAVE_STDARG_H 1
| #define HAVE_ARPA_INET_H 1
| #define HAVE_STDIO_H 1
| #define TIME_WITH_SYS_TIME 1
| #define HAVE_SELECT 1
| #define HAVE_STRERROR 1
| #define HAVE_STRNCPY 1
| #define HAVE_MEMCPY 1
| #define HAVE_LIBUSB_H 1
| /* end confdefs.h.  */
| #include <pthread.h>
|                         static void routine(void *a) { a = 0; }
|                         static void *start_routine(void *a) { return a; }
| int
| main ()
| {
| pthread_t th; pthread_attr_t attr;
|                         pthread_create(&th, 0, start_routine, 0);
|                         pthread_join(th, 0);
|                         pthread_attr_init(&attr);
|                         pthread_cleanup_push(routine, 0);
|                         pthread_cleanup_pop(0) /* ; */
|   ;
|   return 0;
| }
configure:10366: result: no
configure:10269: checking whether pthreads work with -kthread
configure:10357: gcc -o conftest -g -O2 -kthread   conftest.c   >&5
gcc: error: unrecognized command line option '-kthread'; did you mean '-pthread'?
configure:10357: $? = 1
configure: failed program was:
| /* confdefs.h */
| #define PACKAGE_NAME "springcard_ccid_tcp"
| #define PACKAGE_TARNAME "springcard_ccid_tcp"
| #define PACKAGE_VERSION "1.4.20"
| #define PACKAGE_STRING "springcard_ccid_tcp 1.4.20"
| #define PACKAGE_BUGREPORT ""
| #define PACKAGE_URL ""
| #define PACKAGE "springcard_ccid_tcp"
| #define VERSION "1.4.20"
| #define STDC_HEADERS 1
| #define HAVE_SYS_TYPES_H 1
| #define HAVE_SYS_STAT_H 1
| #define HAVE_STDLIB_H 1
| #define HAVE_STRING_H 1
| #define HAVE_MEMORY_H 1
| #define HAVE_STRINGS_H 1
| #define HAVE_INTTYPES_H 1
| #define HAVE_STDINT_H 1
| #define HAVE_UNISTD_H 1
| #define HAVE_DLFCN_H 1
| #define LT_OBJDIR ".libs/"
| #define STDC_HEADERS 1
| #define HAVE_ERRNO_H 1
| #define HAVE_FCNTL_H 1
| #define HAVE_STDLIB_H 1
| #define HAVE_UNISTD_H 1
| #define HAVE_TERMIOS_H 1
| #define HAVE_STRING_H 1
| #define HAVE_SYS_TIME_H 1
| #define HAVE_SYS_TYPES_H 1
| #define HAVE_STDARG_H 1
| #define HAVE_ARPA_INET_H 1
| #define HAVE_STDIO_H 1
| #define TIME_WITH_SYS_TIME 1
| #define HAVE_SELECT 1
| #define HAVE_STRERROR 1
| #define HAVE_STRNCPY 1
| #define HAVE_MEMCPY 1
| #define HAVE_LIBUSB_H 1
| /* end confdefs.h.  */
| #include <pthread.h>
|                         static void routine(void *a) { a = 0; }
|                         static void *start_routine(void *a) { return a; }
| int
| main ()
| {
| pthread_t th; pthread_attr_t attr;
|                         pthread_create(&th, 0, start_routine, 0);
|                         pthread_join(th, 0);
|                         pthread_attr_init(&attr);
|                         pthread_cleanup_push(routine, 0);
|                         pthread_cleanup_pop(0) /* ; */
|   ;
|   return 0;
| }
configure:10366: result: no
configure:10319: checking for the pthreads library -llthread
configure:10357: gcc -o conftest -g -O2    conftest.c -llthread  >&5
/usr/bin/ld: cannot find -llthread
collect2: error: ld returned 1 exit status
configure:10357: $? = 1
configure: failed program was:
| /* confdefs.h */
| #define PACKAGE_NAME "springcard_ccid_tcp"
| #define PACKAGE_TARNAME "springcard_ccid_tcp"
| #define PACKAGE_VERSION "1.4.20"
| #define PACKAGE_STRING "springcard_ccid_tcp 1.4.20"
| #define PACKAGE_BUGREPORT ""
| #define PACKAGE_URL ""
| #define PACKAGE "springcard_ccid_tcp"
| #define VERSION "1.4.20"
| #define STDC_HEADERS 1
| #define HAVE_SYS_TYPES_H 1
| #define HAVE_SYS_STAT_H 1
| #define HAVE_STDLIB_H 1
| #define HAVE_STRING_H 1
| #define HAVE_MEMORY_H 1
| #define HAVE_STRINGS_H 1
| #define HAVE_INTTYPES_H 1
| #define HAVE_STDINT_H 1
| #define HAVE_UNISTD_H 1
| #define HAVE_DLFCN_H 1
| #define LT_OBJDIR ".libs/"
| #define STDC_HEADERS 1
| #define HAVE_ERRNO_H 1
| #define HAVE_FCNTL_H 1
| #define HAVE_STDLIB_H 1
| #define HAVE_UNISTD_H 1
| #define HAVE_TERMIOS_H 1
| #define HAVE_STRING_H 1
| #define HAVE_SYS_TIME_H 1
| #define HAVE_SYS_TYPES_H 1
| #define HAVE_STDARG_H 1
| #define HAVE_ARPA_INET_H 1
| #define HAVE_STDIO_H 1
| #define TIME_WITH_SYS_TIME 1
| #define HAVE_SELECT 1
| #define HAVE_STRERROR 1
| #define HAVE_STRNCPY 1
| #define HAVE_MEMCPY 1
| #define HAVE_LIBUSB_H 1
| /* end confdefs.h.  */
| #include <pthread.h>
|                         static void routine(void *a) { a = 0; }
|                         static void *start_routine(void *a) { return a; }
| int
| main ()
| {
| pthread_t th; pthread_attr_t attr;
|                         pthread_create(&th, 0, start_routine, 0);
|                         pthread_join(th, 0);
|                         pthread_attr_init(&attr);
|                         pthread_cleanup_push(routine, 0);
|                         pthread_cleanup_pop(0) /* ; */
|   ;
|   return 0;
| }
configure:10366: result: no
configure:10269: checking whether pthreads work with -pthread
configure:10357: gcc -o conftest -g -O2 -pthread   conftest.c   >&5
configure:10357: $? = 0
configure:10366: result: yes
configure:10385: checking for joinable pthread attribute
configure:10400: gcc -o conftest -g -O2 -pthread   conftest.c   >&5
configure:10400: $? = 0
configure:10406: result: PTHREAD_CREATE_JOINABLE
configure:10416: checking if more special flags are required for pthreads
configure:10430: result: no
configure:10436: checking for PTHREAD_PRIO_INHERIT
configure:10454: gcc -o conftest -g -O2 -pthread   conftest.c   >&5
configure:10454: $? = 0
configure:10463: result: yes
configure:10628: checking for SCardEstablishContext
configure:10648: gcc -o conftest -g -O2 -pthread -I/usr/include/PCSC   conftest.c  -lpcsclite >&5
configure:10648: $? = 0
configure:10649: result: yes
configure:10904: checking that generated files are newer than configure
configure:10910: result: done
configure:10945: creating ./config.status

## ---------------- ##
## Cache variables. ##
## ---------------- ##

ac_cv_build=armv7l-unknown-linux-gnueabihf
ac_cv_c_compiler_gnu=yes
ac_cv_c_const=yes
ac_cv_env_CC_set=
ac_cv_env_CC_value=
ac_cv_env_CFLAGS_set=
ac_cv_env_CFLAGS_value=
ac_cv_env_CPPFLAGS_set=
ac_cv_env_CPPFLAGS_value=
ac_cv_env_CPP_set=
ac_cv_env_CPP_value=
ac_cv_env_LDFLAGS_set=
ac_cv_env_LDFLAGS_value=
ac_cv_env_LIBS_set=
ac_cv_env_LIBS_value=
ac_cv_env_LIBUSB_CFLAGS_set=
ac_cv_env_LIBUSB_CFLAGS_value=
ac_cv_env_LIBUSB_LIBS_set=
ac_cv_env_LIBUSB_LIBS_value=
ac_cv_env_LT_SYS_LIBRARY_PATH_set=
ac_cv_env_LT_SYS_LIBRARY_PATH_value=
ac_cv_env_PCSC_CFLAGS_set=
ac_cv_env_PCSC_CFLAGS_value=
ac_cv_env_PCSC_LIBS_set=
ac_cv_env_PCSC_LIBS_value=
ac_cv_env_PKG_CONFIG_LIBDIR_set=
ac_cv_env_PKG_CONFIG_LIBDIR_value=
ac_cv_env_PKG_CONFIG_PATH_set=
ac_cv_env_PKG_CONFIG_PATH_value=
ac_cv_env_PKG_CONFIG_set=
ac_cv_env_PKG_CONFIG_value=
ac_cv_env_build_alias_set=
ac_cv_env_build_alias_value=
ac_cv_env_host_alias_set=
ac_cv_env_host_alias_value=
ac_cv_env_target_alias_set=
ac_cv_env_target_alias_value=
ac_cv_func_memcpy=yes
ac_cv_func_select=yes
ac_cv_func_strerror=yes
ac_cv_func_strlcat=no
ac_cv_func_strlcpy=no
ac_cv_func_strncpy=yes
ac_cv_header_arpa_inet_h=yes
ac_cv_header_dlfcn_h=yes
ac_cv_header_errno_h=yes
ac_cv_header_fcntl_h=yes
ac_cv_header_ifdhandler_h=yes
ac_cv_header_inttypes_h=yes
ac_cv_header_libusb_h=yes
ac_cv_header_memory_h=yes
ac_cv_header_reader_h=yes
ac_cv_header_stdarg_h=yes
ac_cv_header_stdc=yes
ac_cv_header_stdint_h=yes
ac_cv_header_stdio_h=yes
ac_cv_header_stdlib_h=yes
ac_cv_header_string_h=yes
ac_cv_header_strings_h=yes
ac_cv_header_sys_stat_h=yes
ac_cv_header_sys_time_h=yes
ac_cv_header_sys_types_h=yes
ac_cv_header_termios_h=yes
ac_cv_header_time=yes
ac_cv_header_unistd_h=yes
ac_cv_host=armv7l-unknown-linux-gnueabihf
ac_cv_objext=o
ac_cv_path_EGREP='/bin/grep -E'
ac_cv_path_FGREP='/bin/grep -F'
ac_cv_path_GREP=/bin/grep
ac_cv_path_SED=/bin/sed
ac_cv_path_ac_pt_PKG_CONFIG=/usr/bin/pkg-config
ac_cv_path_install='/usr/bin/install -c'
ac_cv_path_lt_DD=/bin/dd
ac_cv_path_mkdir=/bin/mkdir
ac_cv_prog_AWK=mawk
ac_cv_prog_CPP='gcc -E'
ac_cv_prog_ac_ct_AR=ar
ac_cv_prog_ac_ct_CC=gcc
ac_cv_prog_ac_ct_MANIFEST_TOOL=mt
ac_cv_prog_ac_ct_OBJDUMP=objdump
ac_cv_prog_ac_ct_RANLIB=ranlib
ac_cv_prog_ac_ct_STRIP=strip
ac_cv_prog_cc_c89=
ac_cv_prog_cc_g=yes
ac_cv_prog_make_make_set=yes
ac_cv_type_size_t=yes
am_cv_CC_dependencies_compiler_type=gcc3
am_cv_ar_interface=ar
am_cv_make_support_nested_variables=yes
am_cv_prog_cc_c_o=yes
ax_cv_PTHREAD_PRIO_INHERIT=yes
lt_cv_ar_at_file=@
lt_cv_archive_cmds_need_lc=no
lt_cv_deplibs_check_method=pass_all
lt_cv_file_magic_cmd='$MAGIC_CMD'
lt_cv_file_magic_test_file=
lt_cv_ld_reload_flag=-r
lt_cv_nm_interface='BSD nm'
lt_cv_objdir=.libs
lt_cv_path_LD=/usr/bin/ld
lt_cv_path_NM='/usr/bin/nm -B'
lt_cv_path_mainfest_tool=no
lt_cv_prog_compiler_c_o=yes
lt_cv_prog_compiler_pic='-fPIC -DPIC'
lt_cv_prog_compiler_pic_works=yes
lt_cv_prog_compiler_rtti_exceptions=no
lt_cv_prog_compiler_static_works=yes
lt_cv_prog_gnu_ld=yes
lt_cv_sharedlib_from_linklib_cmd='printf %s\n'
lt_cv_shlibpath_overrides_runpath=yes
lt_cv_sys_global_symbol_pipe='sed -n -e '\''s/^.*[	 ]\([ABCDGIRSTW][ABCDGIRSTW]*\)[	 ][	 ]*\([_A-Za-z][_A-Za-z0-9]*\)$/\1 \2 \2/p'\'' | sed '\''/ __gnu_lto/d'\'''
lt_cv_sys_global_symbol_to_c_name_address='sed -n -e '\''s/^: \(.*\) .*$/  {"\1", (void *) 0},/p'\'' -e '\''s/^[ABCDGIRSTW][ABCDGIRSTW]* .* \(.*\)$/  {"\1", (void *) \&\1},/p'\'''
lt_cv_sys_global_symbol_to_c_name_address_lib_prefix='sed -n -e '\''s/^: \(.*\) .*$/  {"\1", (void *) 0},/p'\'' -e '\''s/^[ABCDGIRSTW][ABCDGIRSTW]* .* \(lib.*\)$/  {"\1", (void *) \&\1},/p'\'' -e '\''s/^[ABCDGIRSTW][ABCDGIRSTW]* .* \(.*\)$/  {"lib\1", (void *) \&\1},/p'\'''
lt_cv_sys_global_symbol_to_cdecl='sed -n -e '\''s/^T .* \(.*\)$/extern int \1();/p'\'' -e '\''s/^[ABCDGIRSTW][ABCDGIRSTW]* .* \(.*\)$/extern char \1;/p'\'''
lt_cv_sys_global_symbol_to_import=
lt_cv_sys_max_cmd_len=1572864
lt_cv_to_host_file_cmd=func_convert_file_noop
lt_cv_to_tool_file_cmd=func_convert_file_noop
lt_cv_truncate_bin='/bin/dd bs=4096 count=1'
pkg_cv_LIBUSB_CFLAGS=-I/usr/include/libusb-1.0
pkg_cv_LIBUSB_LIBS=-lusb-1.0
pkg_cv_PCSC_CFLAGS='-pthread -I/usr/include/PCSC'
pkg_cv_PCSC_LIBS=-lpcsclite

## ----------------- ##
## Output variables. ##
## ----------------- ##

ACLOCAL='${SHELL} /home/pi/share/clone/springcard-ccid-tcp/missing aclocal-1.16'
AMDEPBACKSLASH='\'
AMDEP_FALSE='#'
AMDEP_TRUE=''
AMTAR='$${TAR-tar}'
AM_BACKSLASH='\'
AM_DEFAULT_V='$(AM_DEFAULT_VERBOSITY)'
AM_DEFAULT_VERBOSITY='0'
AM_V='$(V)'
AR='ar'
AUTOCONF='${SHELL} /home/pi/share/clone/springcard-ccid-tcp/missing autoconf'
AUTOHEADER='${SHELL} /home/pi/share/clone/springcard-ccid-tcp/missing autoheader'
AUTOMAKE='${SHELL} /home/pi/share/clone/springcard-ccid-tcp/missing automake-1.16'
AWK='mawk'
BUNDLE_HOST='Linux'
CC='gcc'
CCDEPMODE='depmode=gcc3'
CFLAGS='-g -O2'
CPP='gcc -E'
CPPFLAGS=''
CYGPATH_W='echo'
DEFS='-DHAVE_CONFIG_H'
DEPDIR='.deps'
DLLTOOL='false'
DSYMUTIL=''
DUMPBIN=''
DYN_LIB_EXT='so'
ECHO_C=''
ECHO_N='-n'
ECHO_T=''
EGREP='/bin/grep -E'
EXEEXT=''
FGREP='/bin/grep -F'
GREP='/bin/grep'
INSTALL_DATA='${INSTALL} -m 644'
INSTALL_PROGRAM='${INSTALL}'
INSTALL_SCRIPT='${INSTALL}'
INSTALL_STRIP_PROGRAM='$(install_sh) -c -s'
LD='/usr/bin/ld'
LDFLAGS=''
LEX='${SHELL} /home/pi/share/clone/springcard-ccid-tcp/missing flex'
LEXLIB=''
LEX_OUTPUT_ROOT=''
LIBOBJS=''
LIBS=''
LIBTOOL='$(SHELL) $(top_builddir)/libtool'
LIBTOOL_DEPS='./ltmain.sh'
LIBUSB_CFLAGS='-I/usr/include/libusb-1.0'
LIBUSB_LIBS='-lusb-1.0'
LIPO=''
LN_S='ln -s'
LTLIBOBJS=''
LT_SYS_LIBRARY_PATH=''
MAINT='#'
MAINTAINER_MODE_FALSE=''
MAINTAINER_MODE_TRUE='#'
MAKEINFO='${SHELL} /home/pi/share/clone/springcard-ccid-tcp/missing makeinfo'
MANIFEST_TOOL=':'
MKDIR_P='/bin/mkdir -p'
NM='/usr/bin/nm -B'
NMEDIT=''
NOCLASS=''
OBJDUMP='objdump'
OBJEXT='o'
OTOOL64=''
OTOOL=''
PACKAGE='springcard_ccid_tcp'
PACKAGE_BUGREPORT=''
PACKAGE_NAME='springcard_ccid_tcp'
PACKAGE_STRING='springcard_ccid_tcp 1.4.20'
PACKAGE_TARNAME='springcard_ccid_tcp'
PACKAGE_URL=''
PACKAGE_VERSION='1.4.20'
PATH_SEPARATOR=':'
PCSC_CFLAGS='-pthread -I/usr/include/PCSC'
PCSC_LIBS='-lpcsclite'
PKG_CONFIG='/usr/bin/pkg-config'
PKG_CONFIG_LIBDIR=''
PKG_CONFIG_PATH=''
PTHREAD_CC='gcc'
PTHREAD_CFLAGS='-pthread'
PTHREAD_LIBS=''
RANLIB='ranlib'
SED='/bin/sed'
SET_MAKE=''
SHELL='/bin/bash'
STRIP='strip'
SYMBOL_VISIBILITY='-fvisibility=hidden'
VERSION='1.4.20'
WITHOUT_PCSC_FALSE=''
WITHOUT_PCSC_TRUE='#'
WITH_LIBUSB_FALSE='#'
WITH_LIBUSB_TRUE=''
ac_aux_dir='.'
ac_ct_AR='ar'
ac_ct_CC='gcc'
ac_ct_DUMPBIN=''
am__EXEEXT_FALSE=''
am__EXEEXT_TRUE='#'
am__fastdepCC_FALSE='#'
am__fastdepCC_TRUE=''
am__include='include'
am__isrc=''
am__leading_dot='.'
am__nodep='_no'
am__quote=''
am__tar='$${TAR-tar} chof - "$$tardir"'
am__untar='$${TAR-tar} xf -'
ax_pthread_config=''
bindir='${exec_prefix}/bin'
bindir_exp='/usr/local/bin'
build='armv7l-unknown-linux-gnueabihf'
build_alias=''
build_cpu='armv7l'
build_os='linux-gnueabihf'
build_vendor='unknown'
bundle='ifd-springcard-ccid-tcp.bundle'
ccidethernetdir='/usr/lib/pcsc/drivers/ethernet'
datadir='${datarootdir}'
datarootdir='${prefix}/share'
docdir='${datarootdir}/doc/${PACKAGE_TARNAME}'
dvidir='${docdir}'
ethernetconfdir='/etc/reader.conf.d'
exec_prefix='${prefix}'
host='armv7l-unknown-linux-gnueabihf'
host_alias=''
host_cpu='armv7l'
host_os='linux-gnueabihf'
host_vendor='unknown'
htmldir='${docdir}'
includedir='${prefix}/include'
infodir='${datarootdir}/info'
install_sh='${SHELL} /home/pi/share/clone/springcard-ccid-tcp/install-sh'
libdir='${exec_prefix}/lib'
libexecdir='${exec_prefix}/libexec'
localedir='${datarootdir}/locale'
localstatedir='${prefix}/var'
mandir='${datarootdir}/man'
mkdir_p='$(MKDIR_P)'
oldincludedir='/usr/include'
pdfdir='${docdir}'
prefix='/usr/local'
program_transform_name='s,x,x,'
psdir='${docdir}'
runstatedir='${localstatedir}/run'
sbindir='${exec_prefix}/sbin'
sharedstatedir='${prefix}/com'
sysconfdir='${prefix}/etc'
sysconfdir_exp='/usr/local/etc'
target_alias=''
usbdropdir='/usr/lib/pcsc/drivers'

## ----------- ##
## confdefs.h. ##
## ----------- ##

/* confdefs.h */
#define PACKAGE_NAME "springcard_ccid_tcp"
#define PACKAGE_TARNAME "springcard_ccid_tcp"
#define PACKAGE_VERSION "1.4.20"
#define PACKAGE_STRING "springcard_ccid_tcp 1.4.20"
#define PACKAGE_BUGREPORT ""
#define PACKAGE_URL ""
#define PACKAGE "springcard_ccid_tcp"
#define VERSION "1.4.20"
#define STDC_HEADERS 1
#define HAVE_SYS_TYPES_H 1
#define HAVE_SYS_STAT_H 1
#define HAVE_STDLIB_H 1
#define HAVE_STRING_H 1
#define HAVE_MEMORY_H 1
#define HAVE_STRINGS_H 1
#define HAVE_INTTYPES_H 1
#define HAVE_STDINT_H 1
#define HAVE_UNISTD_H 1
#define HAVE_DLFCN_H 1
#define LT_OBJDIR ".libs/"
#define STDC_HEADERS 1
#define HAVE_ERRNO_H 1
#define HAVE_FCNTL_H 1
#define HAVE_STDLIB_H 1
#define HAVE_UNISTD_H 1
#define HAVE_TERMIOS_H 1
#define HAVE_STRING_H 1
#define HAVE_SYS_TIME_H 1
#define HAVE_SYS_TYPES_H 1
#define HAVE_STDARG_H 1
#define HAVE_ARPA_INET_H 1
#define HAVE_STDIO_H 1
#define TIME_WITH_SYS_TIME 1
#define HAVE_SELECT 1
#define HAVE_STRERROR 1
#define HAVE_STRNCPY 1
#define HAVE_MEMCPY 1
#define HAVE_LIBUSB_H 1
#define HAVE_PTHREAD_PRIO_INHERIT 1
#define HAVE_PTHREAD 1
#define BUNDLE "ifd-springcard-ccid-tcp.bundle"
#define PCSCLITE_HP_DROPDIR "/usr/lib/pcsc/drivers"

configure: exit 0

## ---------------------- ##
## Running config.status. ##
## ---------------------- ##

This file was extended by springcard_ccid_tcp config.status 1.4.20, which was
generated by GNU Autoconf 2.69.  Invocation command line was

  CONFIG_FILES    = 
  CONFIG_HEADERS  = 
  CONFIG_LINKS    = 
  CONFIG_COMMANDS = 
  $ ./config.status 

on raspberrypi

config.status:1137: creating Makefile
config.status:1137: creating src/Makefile
config.status:1137: creating readers/Makefile
config.status:1137: creating config.h
config.status:1366: executing depfiles commands
config.status:1443: cd src       && sed -e '/# am--include-marker/d' Makefile         | make -f - am--depfiles
make[1]: Entering directory '/home/pi/share/clone/springcard-ccid-tcp/src'
make[1]: Nothing to be done for 'am--depfiles'.
make[1]: Leaving directory '/home/pi/share/clone/springcard-ccid-tcp/src'
config.status:1448: $? = 0
config.status:1366: executing libtool commands
